<?xml version="1.0" encoding="UTF-8"?>
<testsuite name="ru.stqa1.pft.addressbook.tests.ContactCreationTests" tests="3" skipped="0" failures="0" errors="0" timestamp="2019-03-07T14:06:29" hostname="MisterSinij" time="97.138">
  <properties/>
  <testcase name="testContactCreation[0](ContactData{id=0, name='name 0', lastname='middlename 0'})" classname="ru.stqa1.pft.addressbook.tests.ContactCreationTests" time="39.676"/>
  <testcase name="testContactCreation[1](ContactData{id=0, name='name 1', lastname='middlename 1'})" classname="ru.stqa1.pft.addressbook.tests.ContactCreationTests" time="28.481"/>
  <testcase name="testContactCreation[2](ContactData{id=0, name='name 2', lastname='middlename 2'})" classname="ru.stqa1.pft.addressbook.tests.ContactCreationTests" time="28.971"/>
  <system-out><![CDATA[]]></system-out>
  <system-err><![CDATA[Security framework of XStream not initialized, XStream is probably vulnerable.
]]></system-err>
</testsuite>
