<?xml version="1.0" encoding="UTF-8"?>
<testsuite name="ru.stqa1.pft.addressbook.tests.ContactDeletionTest" tests="1" skipped="0" failures="0" errors="0" timestamp="2019-03-07T14:08:51" hostname="MisterSinij" time="25.045">
  <properties/>
  <testcase name="ContactDeletionTest" classname="ru.stqa1.pft.addressbook.tests.ContactDeletionTest" time="25.045"/>
  <system-out><![CDATA[]]></system-out>
  <system-err><![CDATA[]]></system-err>
</testsuite>
