<?xml version="1.0" encoding="UTF-8"?>
<testsuite name="ru.stqa1.pft.addressbook.tests.GroupDeletionTests" tests="1" skipped="0" failures="0" errors="0" timestamp="2019-03-07T14:02:26" hostname="MisterSinij" time="2.019">
  <properties/>
  <testcase name="testGroupDeletionTests" classname="ru.stqa1.pft.addressbook.tests.GroupDeletionTests" time="2.019"/>
  <system-out><![CDATA[]]></system-out>
  <system-err><![CDATA[]]></system-err>
</testsuite>
