<?xml version="1.0" encoding="UTF-8"?>
<testsuite name="ru.stqa1.pft.addressbook.tests.GroupModificationTests" tests="1" skipped="0" failures="0" errors="0" timestamp="2019-03-07T14:02:22" hostname="MisterSinij" time="3.801">
  <properties/>
  <testcase name="testGroupModification" classname="ru.stqa1.pft.addressbook.tests.GroupModificationTests" time="3.801"/>
  <system-out><![CDATA[]]></system-out>
  <system-err><![CDATA[]]></system-err>
</testsuite>
